<?xml version="1.0" encoding="utf-8"?><testsuites><testsuite name="pytest" errors="0" failures="0" skipped="1" tests="5" time="0.351" timestamp="2023-01-25T14:36:56.450255" hostname="leandro-VirtualBox"><testcase classname="tests.test_bytebank.TestClass" name="test_quando_idade_recebe_13_03_2000_deve_retornar_22" time="0.014" /><testcase classname="tests.test_bytebank.TestClass" name="test_quando_sobrenome_recebe_lucas_carvalho_deve_retornar_carvalho" time="0.003" /><testcase classname="tests.test_bytebank.TestClass" name="test_quando_decrescimo_salario_recebe_100000_deve_retornar_90000" time="0.002"><skipped type="pytest.skip" message="unconditional skip">/home/leandro/Área de Trabalho/alura-programacao-python-web/python-e-tdd-explorando-testes-unitarios/bytebank-tdd/tests/test_bytebank.py:48: unconditional skip</skipped></testcase><testcase classname="tests.test_bytebank.TestClass" name="test_quando_calcular_bonus_recebe_1000_deve_retornar_100" time="0.002" /><testcase classname="tests.test_bytebank.TestClass" name="test_quando_calcular_bonus_recebe_100000000_deve_retornar_exception" time="0.007" /></testsuite></testsuites>